  Building Custom Rule C:/Users/pitba/Desktop/Uni/ComputerVision/Workspace/lab/Homework 1-2/Lab3/CMakeLists.txt
  CMake does not need to re-run because C:/Users/pitba/Desktop/Uni/ComputerVision/Workspace/lab/Homework 1-2/Lab3/build/CMakeFiles/generate.stamp is up-to-date.
  filter.cpp
  lab3.cpp
c:\users\pitba\desktop\uni\computervision\workspace\lab\homework 1-2\lab3\src\lab3.cpp(214): warning C4267: 'inizializzazione': conversione da 'size_t' a 'int'. Possibile perdita di dati.
c:\users\pitba\desktop\uni\computervision\workspace\lab\homework 1-2\lab3\src\lab3.cpp(223): warning C4244: 'argomento': conversione da 'double' a '_Tp'. Possibile perdita di dati.
          with
          [
              _Tp=int
          ]
  Generazione del codice in corso...
filter.obj : error LNK2019: riferimento al simbolo esterno "public: void __cdecl cv::Mat::copyTo(class cv::debug_build_guard::_OutputArray const &)const " (?copyTo@Mat@cv@@QEBAXAEBV_OutputArray@debug_build_guard@2@@Z) non risolto nella funzione "public: class cv::Mat __cdecl cv::Mat::clone(void)const " (?clone@Mat@cv@@QEBA?AV12@XZ)
filter.obj : error LNK2019: riferimento al simbolo esterno "void __cdecl cv::medianBlur(class cv::debug_build_guard::_InputArray const &,class cv::debug_build_guard::_OutputArray const &,int)" (?medianBlur@cv@@YAXAEBV_InputArray@debug_build_guard@1@AEBV_OutputArray@31@H@Z) non risolto nella funzione "public: void __cdecl MedianFilter::doFilter(void)" (?doFilter@MedianFilter@@QEAAXXZ)
filter.obj : error LNK2019: riferimento al simbolo esterno "void __cdecl cv::GaussianBlur(class cv::debug_build_guard::_InputArray const &,class cv::debug_build_guard::_OutputArray const &,class cv::Size_<int>,double,double,int)" (?GaussianBlur@cv@@YAXAEBV_InputArray@debug_build_guard@1@AEBV_OutputArray@31@V?$Size_@H@1@NNH@Z) non risolto nella funzione "public: void __cdecl GaussianFilter::doFilter(void)" (?doFilter@GaussianFilter@@QEAAXXZ)
filter.obj : error LNK2019: riferimento al simbolo esterno "void __cdecl cv::bilateralFilter(class cv::debug_build_guard::_InputArray const &,class cv::debug_build_guard::_OutputArray const &,int,double,double,int)" (?bilateralFilter@cv@@YAXAEBV_InputArray@debug_build_guard@1@AEBV_OutputArray@31@HNNH@Z) non risolto nella funzione "public: void __cdecl BilateralFilter::doFilter(void)" (?doFilter@BilateralFilter@@QEAAXXZ)
lab3.obj : error LNK2019: riferimento al simbolo esterno "class cv::debug_build_guard::_InputOutputArray const & __cdecl cv::noArray(void)" (?noArray@cv@@YAAEBV_InputOutputArray@debug_build_guard@1@XZ) non risolto nella funzione "void __cdecl showHistogram(class std::vector<class cv::Mat,class std::allocator<class cv::Mat> > &)" (?showHistogram@@YAXAEAV?$vector@VMat@cv@@V?$allocator@VMat@cv@@@std@@@std@@@Z)
lab3.obj : error LNK2019: riferimento al simbolo esterno "void __cdecl cv::minMaxLoc(class cv::debug_build_guard::_InputArray const &,double *,double *,class cv::Point_<int> *,class cv::Point_<int> *,class cv::debug_build_guard::_InputArray const &)" (?minMaxLoc@cv@@YAXAEBV_InputArray@debug_build_guard@1@PEAN1PEAV?$Point_@H@1@20@Z) non risolto nella funzione "void __cdecl showHistogram(class std::vector<class cv::Mat,class std::allocator<class cv::Mat> > &)" (?showHistogram@@YAXAEAV?$vector@VMat@cv@@V?$allocator@VMat@cv@@@std@@@std@@@Z)
lab3.obj : error LNK2019: riferimento al simbolo esterno "void __cdecl cv::merge(class cv::debug_build_guard::_InputArray const &,class cv::debug_build_guard::_OutputArray const &)" (?merge@cv@@YAXAEBV_InputArray@debug_build_guard@1@AEBV_OutputArray@31@@Z) non risolto nella funzione "class cv::Mat __cdecl pushandMerge(class cv::Mat * const,class cv::Mat)" (?pushandMerge@@YA?AVMat@cv@@QEAV12@V12@@Z)
lab3.obj : error LNK2019: riferimento al simbolo esterno "void __cdecl cv::imshow(class cv::String const &,class cv::debug_build_guard::_InputArray const &)" (?imshow@cv@@YAXAEBVString@1@AEBV_InputArray@debug_build_guard@1@@Z) non risolto nella funzione "void __cdecl showHistogram(class std::vector<class cv::Mat,class std::allocator<class cv::Mat> > &)" (?showHistogram@@YAXAEAV?$vector@VMat@cv@@V?$allocator@VMat@cv@@@std@@@std@@@Z)
lab3.obj : error LNK2019: riferimento al simbolo esterno "void __cdecl cv::resize(class cv::debug_build_guard::_InputArray const &,class cv::debug_build_guard::_OutputArray const &,class cv::Size_<int>,double,double,int)" (?resize@cv@@YAXAEBV_InputArray@debug_build_guard@1@AEBV_OutputArray@31@V?$Size_@H@1@NNH@Z) non risolto nella funzione main
lab3.obj : error LNK2019: riferimento al simbolo esterno "void __cdecl cv::calcHist(class cv::Mat const *,int,int const *,class cv::debug_build_guard::_InputArray const &,class cv::debug_build_guard::_OutputArray const &,int,int const *,float const * *,bool,bool)" (?calcHist@cv@@YAXPEBVMat@1@HPEBHAEBV_InputArray@debug_build_guard@1@AEBV_OutputArray@41@H1PEAPEBM_N5@Z) non risolto nella funzione "class std::vector<class cv::Mat,class std::allocator<class cv::Mat> > __cdecl calculateHistograms(class cv::Mat * const)" (?calculateHistograms@@YA?AV?$vector@VMat@cv@@V?$allocator@VMat@cv@@@std@@@std@@QEAVMat@cv@@@Z)
lab3.obj : error LNK2019: riferimento al simbolo esterno "void __cdecl cv::equalizeHist(class cv::debug_build_guard::_InputArray const &,class cv::debug_build_guard::_OutputArray const &)" (?equalizeHist@cv@@YAXAEBV_InputArray@debug_build_guard@1@AEBV_OutputArray@31@@Z) non risolto nella funzione main
lab3.obj : error LNK2019: riferimento al simbolo esterno "void __cdecl cv::cvtColor(class cv::debug_build_guard::_InputArray const &,class cv::debug_build_guard::_OutputArray const &,int,int)" (?cvtColor@cv@@YAXAEBV_InputArray@debug_build_guard@1@AEBV_OutputArray@31@HH@Z) non risolto nella funzione main
lab3.obj : error LNK2019: riferimento al simbolo esterno "void __cdecl cv::line(class cv::debug_build_guard::_InputOutputArray const &,class cv::Point_<int>,class cv::Point_<int>,class cv::Scalar_<double> const &,int,int,int)" (?line@cv@@YAXAEBV_InputOutputArray@debug_build_guard@1@V?$Point_@H@1@1AEBV?$Scalar_@N@1@HHH@Z) non risolto nella funzione "void __cdecl showHistogram(class std::vector<class cv::Mat,class std::allocator<class cv::Mat> > &)" (?showHistogram@@YAXAEAV?$vector@VMat@cv@@V?$allocator@VMat@cv@@@std@@@std@@@Z)
C:\Users\pitba\Desktop\Uni\ComputerVision\Workspace\lab\Homework 1-2\Lab3\build\Debug\lab3.exe : fatal error LNK1120: 13 esterni non risolti
